<?xml version="1.0" encoding="UTF-8"?>
<!-- Generated by org.testng.reporters.JUnitReportReporter -->
<testsuite hostname="DESKTOP-DVLRVPN" failures="0" tests="6" name="tests.VerifyTimeChangeOnDeviceTest" time="16.176" errors="0" timestamp="2023-12-14T00:58:22 IST" skipped="1">
  <testcase classname="tests.VerifyTimeChangeOnDeviceTest" name="getSetTimeValueOnSettingsAppBeforeChangeByTestDPCApp" time="6.813"/>
  <testcase classname="tests.VerifyTimeChangeOnDeviceTest" name="clickOnSetTimeOptionOfDCPApp" time="0.998"/>
  <testcase classname="tests.VerifyTimeChangeOnDeviceTest" name="enterMilliSecsValueInSetTimeInputField" time="2.510"/>
  <testcase classname="tests.VerifyTimeChangeOnDeviceTest" name="getSetTimeValueOnSettingsAppAfterChangeByTestDPCApp" time="5.848"/>
  <testcase classname="tests.VerifyTimeChangeOnDeviceTest" name="VerifyTimeChangedDueToSetTimeInDPCApp" time="0.007"/>
  <testcase classname="tests.VerifyTimeChangeOnDeviceTest" name="validateTimeChangedOnDevice">
    <skipped/>
  </testcase> <!-- validateTimeChangedOnDevice -->
</testsuite> <!-- tests.VerifyTimeChangeOnDeviceTest -->
