<?xml version="1.0" encoding="UTF-8"?>
<!-- Generated by org.testng.reporters.JUnitReportReporter -->
<testsuite hostname="DESKTOP-DVLRVPN" failures="0" tests="6" name="tests.VerifyTimeChangeOnDevice" time="21.254" errors="0" timestamp="2023-12-14T00:40:37 IST" skipped="1">
  <testcase classname="tests.VerifyTimeChangeOnDevice" name="getSetTimeValueOnSettingsAppBeforeChangeByTestDPCApp" time="12.037"/>
  <testcase classname="tests.VerifyTimeChangeOnDevice" name="clickOnSetTimeOptionOfDCPApp" time="1.113"/>
  <testcase classname="tests.VerifyTimeChangeOnDevice" name="enterMilliSecsValueInSetTimeInputField" time="2.058"/>
  <testcase classname="tests.VerifyTimeChangeOnDevice" name="getSetTimeValueOnSettingsAppAfterChangeByTestDPCApp" time="6.038"/>
  <testcase classname="tests.VerifyTimeChangeOnDevice" name="VerifyTimeChangedDueToSetTimeInDPCApp" time="0.008"/>
  <testcase classname="tests.VerifyTimeChangeOnDevice" name="validateTimeChangedOnDevice">
    <skipped/>
  </testcase> <!-- validateTimeChangedOnDevice -->
</testsuite> <!-- tests.VerifyTimeChangeOnDevice -->
