<?xml version="1.0" encoding="UTF-8"?>
<!-- Generated by org.testng.reporters.JUnitReportReporter -->
<testsuite hostname="DESKTOP-DVLRVPN" failures="0" tests="4" name="tests.VerifyTimeZoneChangeOnDeviceTest" time="8.621" errors="0" timestamp="2023-12-14T00:54:10 IST" skipped="1">
  <testcase classname="tests.VerifyTimeZoneChangeOnDeviceTest" name="clickOnSetTimeZoneOption" time="1.094"/>
  <testcase classname="tests.VerifyTimeZoneChangeOnDeviceTest" name="enterTimeZoneValueInSetTimeZoneInputField" time="1.888"/>
  <testcase classname="tests.VerifyTimeZoneChangeOnDeviceTest" name="VerifyTimeZoneChangedDueToSetTimeZoneInDPCApp" time="5.639"/>
  <testcase classname="tests.VerifyTimeZoneChangeOnDeviceTest" name="validateTimeZoneChangedOnDevice">
    <skipped/>
  </testcase> <!-- validateTimeZoneChangedOnDevice -->
</testsuite> <!-- tests.VerifyTimeZoneChangeOnDeviceTest -->
