<?xml version="1.0" encoding="UTF-8"?>
<!-- Generated by org.testng.reporters.JUnitReportReporter -->
<testsuite hostname="DESKTOP-DVLRVPN" failures="0" tests="6" name="tests.VerifyTimeChangeOnDeviceTest" time="17.572" errors="0" timestamp="2023-12-14T00:54:10 IST" skipped="1">
  <testcase classname="tests.VerifyTimeChangeOnDeviceTest" name="getSetTimeValueOnSettingsAppBeforeChangeByTestDPCApp" time="7.861"/>
  <testcase classname="tests.VerifyTimeChangeOnDeviceTest" name="clickOnSetTimeOptionOfDCPApp" time="1.024"/>
  <testcase classname="tests.VerifyTimeChangeOnDeviceTest" name="enterMilliSecsValueInSetTimeInputField" time="2.463"/>
  <testcase classname="tests.VerifyTimeChangeOnDeviceTest" name="getSetTimeValueOnSettingsAppAfterChangeByTestDPCApp" time="6.212"/>
  <testcase classname="tests.VerifyTimeChangeOnDeviceTest" name="VerifyTimeChangedDueToSetTimeInDPCApp" time="0.012"/>
  <testcase classname="tests.VerifyTimeChangeOnDeviceTest" name="validateTimeChangedOnDevice">
    <skipped/>
  </testcase> <!-- validateTimeChangedOnDevice -->
</testsuite> <!-- tests.VerifyTimeChangeOnDeviceTest -->
